#
# There is insufficient memory for the Java Runtime Environment to continue.
# Native memory allocation (mmap) failed to map 134217728 bytes for Failed to commit area from 0x0000000080600000 to 0x0000000088600000 of length 134217728.
# Possible reasons:
#   The system is out of physical RAM or swap space
#   The process is running with CompressedOops enabled, and the Java Heap may be blocking the growth of the native heap
# Possible solutions:
#   Reduce memory load on the system
#   Increase physical memory or swap space
#   Check if swap backing store is full
#   Decrease Java heap size (-Xmx/-Xms)
#   Decrease number of Java threads
#   Decrease Java thread stack sizes (-Xss)
#   Set larger code cache with -XX:ReservedCodeCacheSize=
# This output file may be truncated or incomplete.
#
#  Out of Memory Error (./src/hotspot/os/windows/os_windows.cpp:3301), pid=19740, tid=13048
#
# JRE version:  (11.0.11+9) (build )
# Java VM: OpenJDK 64-Bit Server VM (11.0.11+9-b1341.60, mixed mode, sharing, tiered, compressed oops, g1 gc, windows-amd64)
# No core dump will be written. Minidumps are not enabled by default on client versions of Windows
#

---------------  S U M M A R Y ------------

Command Line: org.jetbrains.git4idea.http.GitAskPassApp Username for 'https://github.com': 

Host: Intel(R) Core(TM) i3-3227U CPU @ 1.90GHz, 4 cores, 7G,  Windows 10 , 64 bit Build 19041 (10.0.19041.1023)
Time: Tue Sep  7 02:18:11 2021 Morocco Daylight Time elapsed time: 0.029769 seconds (0d 0h 0m 0s)

---------------  T H R E A D  ---------------

Current thread (0x000001f49826a000):  JavaThread "Unknown thread" [_thread_in_vm, id=13048, stack(0x000000495f800000,0x000000495f900000)]

Stack: [0x000000495f800000,0x000000495f900000]
Native frames: (J=compiled Java code, j=interpreted, Vv=VM code, C=native code)
V  [jvm.dll+0x5f5c8a]
V  [jvm.dll+0x779405]
V  [jvm.dll+0x77aa1d]
V  [jvm.dll+0x77b0d3]
V  [jvm.dll+0x244bc8]
V  [jvm.dll+0x5f3084]
V  [jvm.dll+0x5e7fe5]
V  [jvm.dll+0x30098b]
V  [jvm.dll+0x3008fa]
V  [jvm.dll+0x3007d2]
V  [jvm.dll+0x3056b6]
V  [jvm.dll+0x34e353]
V  [jvm.dll+0x34ea56]
V  [jvm.dll+0x34e453]
V  [jvm.dll+0x2db398]
V  [jvm.dll+0x2dc547]
V  [jvm.dll+0x757bf7]
V  [jvm.dll+0x7593ec]
V  [jvm.dll+0x35b8d9]
V  [jvm.dll+0x73b38e]
V  [jvm.dll+0x3c3cc3]
V  [jvm.dll+0x3c60e1]
C  [jli.dll+0x5373]
C  [ucrtbase.dll+0x21bb2]
C  [KERNEL32.DLL+0x17034]
C  [ntdll.dll+0x52651]


---------------  P R O C E S S  ---------------

Threads class SMR info:
_java_thread_list=0x000001f498198000, length=0, elements={
}

Java Threads: ( => current thread )

Other Threads:
  0x000001f49a3ef000 GCTaskThread "GC Thread#0" [stack: 0x000000495f900000,0x000000495fa00000] [id=15932]
  0x000001f49a41f800 ConcurrentGCThread "G1 Main Marker" [stack: 0x000000495fa00000,0x000000495fb00000] [id=20280]
  0x000001f49a422000 ConcurrentGCThread "G1 Conc#0" [stack: 0x000000495fb00000,0x000000495fc00000] [id=14216]

[error occurred during error reporting (printing all threads), id 0xc0000005, EXCEPTION_ACCESS_VIOLATION (0xc0000005) at pc=0x00007ffdc0cbb9f7]

VM state:not at safepoint (not fully initialized)

VM Mutex/Monitor currently owned by a thread:  ([mutex/lock_event])
[0x000001f49a3d7fb0] Heap_lock - owner thread: 0x000001f49826a000

Heap address: 0x0000000080600000, size: 2042 MB, Compressed Oops mode: Non-zero based: 0x0000000080600000
Narrow klass base: 0x0000000000000000, Narrow klass shift: 0

GC Heap History (0 events):
No events

Deoptimization events (0 events):
No events

Classes redefined (0 events):
No events

Internal exceptions (0 events):
No events

Events (1 events):
Event: 0.015 Loaded shared library C:\Program Files\JetBrains\PhpStorm 2021.1.4\jbr\bin\zip.dll


Dynamic libraries:
0x00007ff6278a0000 - 0x00007ff6278aa000 	C:\Program Files\JetBrains\PhpStorm 2021.1.4\jbr\bin\java.exe
0x00007ffe24a30000 - 0x00007ffe24c25000 	C:\Windows\SYSTEM32\ntdll.dll
0x00007ffe22c00000 - 0x00007ffe22cbd000 	C:\Windows\System32\KERNEL32.DLL
0x00007ffe227d0000 - 0x00007ffe22a99000 	C:\Windows\System32\KERNELBASE.dll
0x00007ffe1fa50000 - 0x00007ffe1fae0000 	C:\Windows\SYSTEM32\apphelp.dll
0x00007ffe226d0000 - 0x00007ffe227d0000 	C:\Windows\System32\ucrtbase.dll
0x00007ffe1b7b0000 - 0x00007ffe1b7c9000 	C:\Program Files\JetBrains\PhpStorm 2021.1.4\jbr\bin\jli.dll
0x00007ffe24730000 - 0x00007ffe248d0000 	C:\Windows\System32\USER32.dll
0x00007ffe22350000 - 0x00007ffe22372000 	C:\Windows\System32\win32u.dll
0x00007ffe241f0000 - 0x00007ffe2421a000 	C:\Windows\System32\GDI32.dll
0x00007ffe225c0000 - 0x00007ffe226cb000 	C:\Windows\System32\gdi32full.dll
0x00007ffe22200000 - 0x00007ffe2229d000 	C:\Windows\System32\msvcp_win.dll
0x00007ffe1b710000 - 0x00007ffe1b727000 	C:\Program Files\JetBrains\PhpStorm 2021.1.4\jbr\bin\VCRUNTIME140.dll
0x00007ffe0c9d0000 - 0x00007ffe0cc6a000 	C:\Windows\WinSxS\amd64_microsoft.windows.common-controls_6595b64144ccf1df_6.0.19041.1110_none_60b5254171f9507e\COMCTL32.dll
0x00007ffe23ce0000 - 0x00007ffe23d7e000 	C:\Windows\System32\msvcrt.dll
0x00007ffe23320000 - 0x00007ffe23350000 	C:\Windows\System32\IMM32.DLL
0x00007ffdf48d0000 - 0x00007ffdf496d000 	C:\Program Files\JetBrains\PhpStorm 2021.1.4\jbr\bin\msvcp140.dll
0x00007ffdc09d0000 - 0x00007ffdc1519000 	C:\Program Files\JetBrains\PhpStorm 2021.1.4\jbr\bin\server\jvm.dll
0x00007ffe24930000 - 0x00007ffe249dc000 	C:\Windows\System32\ADVAPI32.dll
0x00007ffe23a90000 - 0x00007ffe23b2b000 	C:\Windows\System32\sechost.dll
0x00007ffe24600000 - 0x00007ffe2472a000 	C:\Windows\System32\RPCRT4.dll
0x00007ffe249e0000 - 0x00007ffe249e8000 	C:\Windows\System32\PSAPI.DLL
0x00007ffe1c140000 - 0x00007ffe1c149000 	C:\Windows\SYSTEM32\WSOCK32.dll
0x00007ffe22ec0000 - 0x00007ffe22f2b000 	C:\Windows\System32\WS2_32.dll
0x00007ffe17330000 - 0x00007ffe17357000 	C:\Windows\SYSTEM32\WINMM.dll
0x00007ffe17720000 - 0x00007ffe1772a000 	C:\Windows\SYSTEM32\VERSION.dll
0x00007ffe1ffc0000 - 0x00007ffe1ffd2000 	C:\Windows\SYSTEM32\kernel.appcore.dll
0x00007ffe1c120000 - 0x00007ffe1c131000 	C:\Program Files\JetBrains\PhpStorm 2021.1.4\jbr\bin\verify.dll
0x00007ffe1ba60000 - 0x00007ffe1bc44000 	C:\Windows\SYSTEM32\DBGHELP.DLL
0x00007ffe1b030000 - 0x00007ffe1b05c000 	C:\Windows\SYSTEM32\dbgcore.DLL
0x00007ffe22170000 - 0x00007ffe221f3000 	C:\Windows\System32\bcryptPrimitives.dll
0x00007ffe1b8a0000 - 0x00007ffe1b8c9000 	C:\Program Files\JetBrains\PhpStorm 2021.1.4\jbr\bin\java.dll
0x00007ffe1c110000 - 0x00007ffe1c11b000 	C:\Program Files\JetBrains\PhpStorm 2021.1.4\jbr\bin\jimage.dll
0x00007ffe1b970000 - 0x00007ffe1b988000 	C:\Program Files\JetBrains\PhpStorm 2021.1.4\jbr\bin\zip.dll

dbghelp: loaded successfully - version: 4.0.5 - missing functions: none
symbol engine: initialized successfully - sym options: 0x614 - pdb path: .;C:\Program Files\JetBrains\PhpStorm 2021.1.4\jbr\bin;C:\Windows\SYSTEM32;C:\Windows\WinSxS\amd64_microsoft.windows.common-controls_6595b64144ccf1df_6.0.19041.1110_none_60b5254171f9507e;C:\Program Files\JetBrains\PhpStorm 2021.1.4\jbr\bin\server

VM Arguments:
java_command: org.jetbrains.git4idea.http.GitAskPassApp Username for 'https://github.com': 
java_class_path (initial): C:/Program Files/JetBrains/PhpStorm 2021.1.4/plugins/git4idea/lib/git4idea-rt.jar;C:/Program Files/JetBrains/PhpStorm 2021.1.4/lib/xmlrpc-2.0.1.jar;C:/Program Files/JetBrains/PhpStorm 2021.1.4/lib/commons-codec-1.15.jar
Launcher Type: SUN_STANDARD

[Global flags]
     intx CICompilerCount                          = 3                                         {product} {ergonomic}
     uint ConcGCThreads                            = 1                                         {product} {ergonomic}
     uint G1ConcRefinementThreads                  = 4                                         {product} {ergonomic}
   size_t G1HeapRegionSize                         = 1048576                                   {product} {ergonomic}
    uintx GCDrainStackTargetSize                   = 64                                        {product} {ergonomic}
   size_t InitialHeapSize                          = 134217728                                 {product} {ergonomic}
   size_t MarkStackSize                            = 4194304                                   {product} {ergonomic}
   size_t MaxHeapSize                              = 2141192192                                {product} {ergonomic}
   size_t MinHeapDeltaBytes                        = 1048576                                   {product} {ergonomic}
    uintx NonNMethodCodeHeapSize                   = 5830732                                {pd product} {ergonomic}
    uintx NonProfiledCodeHeapSize                  = 122913754                              {pd product} {ergonomic}
    uintx ProfiledCodeHeapSize                     = 122913754                              {pd product} {ergonomic}
    uintx ReservedCodeCacheSize                    = 251658240                              {pd product} {ergonomic}
     bool SegmentedCodeCache                       = true                                      {product} {ergonomic}
     bool UseCompressedClassPointers               = true                                 {lp64_product} {ergonomic}
     bool UseCompressedOops                        = true                                 {lp64_product} {ergonomic}
     bool UseG1GC                                  = true                                      {product} {ergonomic}
     bool UseLargePagesIndividualAllocation        = false                                  {pd product} {ergonomic}

Logging:
Log output configuration:
 #0: stdout all=warning uptime,level,tags
 #1: stderr all=off uptime,level,tags

Environment Variables:
PATH=C:/Program Files/Git/mingw64/libexec/git-core;C:/Program Files/Git/mingw64/libexec/git-core;C:\Program Files\Git\mingw64\bin;C:\Program Files\Git\usr\bin;C:\Users\KARIM EL MRISSANI\bin;C:\Python39\Scripts\;C:\Python39\;C:\Program Files (x86)\Common Files\Oracle\Java\javapath;C:\Windows\system32;C:\Windows;C:\Windows\System32\Wbem;C:\Windows\System32\WindowsPowerShell\v1.0\;C:\Windows\System32\OpenSSH\;C:\Program Files\dotnet\;C:\Program Files (x86)\ATI Technologies\ATI.ACE\Core-Static;C:\Program Files\Microsoft SQL Server\Client SDK\ODBC\170\Tools\Binn\;C:\Program Files (x86)\Microsoft SQL Server\150\Tools\Binn\;C:\Program Files\Microsoft SQL Server\150\Tools\Binn\;C:\Program Files\Microsoft SQL Server\150\DTS\Binn\;C:\Program Files (x86)\Microsoft SQL Server\150\DTS\Binn\;C:\Program Files\Azure Data Studio\bin;C:\Program Files\TortoiseSVN\bin;C:\Program Files\nodejs\;C:\ProgramData\chocolatey\bin;C:\Program Files\Git\cmd;C:\composer;C:\xampp\php;C:\Program Files\JetBrains\PhpStorm 2021.1.4\bin;C:\Users\KARIM EL MRISSANI\AppData\Roaming\Composer\vendor\bin;C:\Users\KARIM EL MRISSANI\AppData\Local\Programs\Microsoft VS Code\bin
USERNAME=KARIM EL MRISSANI
DISPLAY=:0.0
LC_ALL=en_US.UTF-8
OS=Windows_NT
PROCESSOR_IDENTIFIER=Intel64 Family 6 Model 58 Stepping 9, GenuineIntel



---------------  S Y S T E M  ---------------

OS: Windows 10 , 64 bit Build 19041 (10.0.19041.1023)
OS uptime: 46 days 21:41 hours

CPU:total 4 (initial active 4) (2 cores per cpu, 2 threads per core) family 6 model 58 stepping 9 microcode 0x21, cmov, cx8, fxsr, mmx, sse, sse2, sse3, ssse3, sse4.1, sse4.2, popcnt, avx, clmul, erms, ht, tsc, tscinvbit, tscinv

Memory: 4k page, system-wide physical 8162M (1343M free)
TotalPageFile size 23356M (AvailPageFile size 16M)
current process WorkingSet (physical memory assigned to process): 10M, peak: 10M
current process commit charge ("private bytes"): 51M, peak: 179M

vm_info: OpenJDK 64-Bit Server VM (11.0.11+9-b1341.60) for windows-amd64 JRE (11.0.11+9-b1341.60), built on Jun  4 2021 08:17:54 by "" with MS VC++ 14.0 (VS2015)

END.
